2021-07-11 14:38:20,329 [Worker-1: Loading available Gradle versions] INFO  o.e.b.c.i.u.g.PublishedGradleVersions - Gradle version information cache is not available. Remote download required.
2021-07-11 15:21:04,662 [Worker-0: Loading available Gradle versions] INFO  o.e.b.c.i.u.g.PublishedGradleVersions - Gradle version information cache is up-to-date. Trying to read.
2021-07-11 15:29:28,036 [Worker-2: Loading available Gradle versions] INFO  o.e.b.c.i.u.g.PublishedGradleVersions - Gradle version information cache is up-to-date. Trying to read.
2021-07-11 15:32:30,522 [Worker-0: Loading available Gradle versions] INFO  o.e.b.c.i.u.g.PublishedGradleVersions - Gradle version information cache is up-to-date. Trying to read.
2021-07-11 15:37:07,440 [Worker-6: Loading available Gradle versions] INFO  o.e.b.c.i.u.g.PublishedGradleVersions - Gradle version information cache is up-to-date. Trying to read.
2021-07-11 15:46:37,477 [Worker-3: Loading available Gradle versions] INFO  o.e.b.c.i.u.g.PublishedGradleVersions - Gradle version information cache is up-to-date. Trying to read.
2021-07-11 18:07:19,347 [Worker-5: Loading available Gradle versions] INFO  o.e.b.c.i.u.g.PublishedGradleVersions - Gradle version information cache is up-to-date. Trying to read.
2021-07-11 18:16:11,295 [Worker-0: Loading available Gradle versions] INFO  o.e.b.c.i.u.g.PublishedGradleVersions - Gradle version information cache is up-to-date. Trying to read.
2021-07-11 18:46:23,299 [Start Help Server] INFO  org.eclipse.jetty.server.Server - jetty-10.0.5; built: 2021-06-11T14:18:43.438Z; git: dc21b2d73cafd78a56e8e532cf50863739bd7027; jvm 11.0.11+9-LTS-194
2021-07-11 18:46:23,357 [Start Help Server] INFO  o.e.j.s.s.DefaultSessionIdManager - Session workerName=node0
2021-07-11 18:46:23,398 [Start Help Server] INFO  o.e.j.server.handler.ContextHandler - Started o.e.j.s.ServletContextHandler@3f5f7977{/help,null,AVAILABLE}
2021-07-11 18:46:23,421 [Start Help Server] INFO  o.e.jetty.server.AbstractConnector - Started ServerConnector@52014d85{HTTP/1.1, (http/1.1)}{127.0.0.1:51358}
2021-07-11 18:46:23,485 [Start Help Server] INFO  org.eclipse.jetty.server.Server - Started Server@72ad26f2{STARTING}[10.0.5,sto=0] @1824899ms
2021-07-11 18:46:40,949 [Stop Help Server] INFO  org.eclipse.jetty.server.Server - Stopped Server@72ad26f2{STOPPING}[10.0.5,sto=0]
2021-07-11 18:46:40,956 [Stop Help Server] INFO  o.e.jetty.server.AbstractConnector - Stopped ServerConnector@52014d85{HTTP/1.1, (http/1.1)}{127.0.0.1:0}
2021-07-11 18:46:40,984 [Stop Help Server] INFO  o.e.j.server.handler.ContextHandler - Stopped o.e.j.s.ServletContextHandler@3f5f7977{/help,null,STOPPED}
2021-07-11 18:47:04,650 [Worker-2: Loading available Gradle versions] INFO  o.e.b.c.i.u.g.PublishedGradleVersions - Gradle version information cache is up-to-date. Trying to read.
2021-07-11 18:47:22,939 [Start Help Server] INFO  org.eclipse.jetty.server.Server - jetty-10.0.5; built: 2021-06-11T14:18:43.438Z; git: dc21b2d73cafd78a56e8e532cf50863739bd7027; jvm 11.0.11+9-LTS-194
2021-07-11 18:47:22,993 [Start Help Server] INFO  o.e.j.s.s.DefaultSessionIdManager - Session workerName=node0
2021-07-11 18:47:23,030 [Start Help Server] INFO  o.e.j.server.handler.ContextHandler - Started o.e.j.s.ServletContextHandler@271c9779{/help,null,AVAILABLE}
2021-07-11 18:47:23,055 [Start Help Server] INFO  o.e.jetty.server.AbstractConnector - Started ServerConnector@16705a07{HTTP/1.1, (http/1.1)}{127.0.0.1:51372}
2021-07-11 18:47:23,079 [Start Help Server] INFO  org.eclipse.jetty.server.Server - Started Server@5d2aa39c{STARTING}[10.0.5,sto=0] @32382ms
2021-07-12 15:15:10,661 [Stop Help Server] INFO  org.eclipse.jetty.server.Server - Stopped Server@5d2aa39c{STOPPING}[10.0.5,sto=0]
2021-07-12 15:15:10,667 [Stop Help Server] INFO  o.e.jetty.server.AbstractConnector - Stopped ServerConnector@16705a07{HTTP/1.1, (http/1.1)}{127.0.0.1:0}
2021-07-12 15:15:10,704 [Stop Help Server] INFO  o.e.j.server.handler.ContextHandler - Stopped o.e.j.s.ServletContextHandler@271c9779{/help,null,STOPPED}
2021-07-12 15:22:51,137 [Worker-2: Loading available Gradle versions] INFO  o.e.b.c.i.u.g.PublishedGradleVersions - Gradle version information cache is out-of-date. Trying to update.
2021-07-12 15:36:55,245 [Worker-2: Loading available Gradle versions] INFO  o.e.b.c.i.u.g.PublishedGradleVersions - Gradle version information cache is up-to-date. Trying to read.
2021-07-12 18:54:53,221 [Worker-8: Loading available Gradle versions] INFO  o.e.b.c.i.u.g.PublishedGradleVersions - Gradle version information cache is up-to-date. Trying to read.
